<?xml version="1.0" encoding="UTF-8"?>
<!-- Generated by org.testng.reporters.JUnitReportReporter -->
<testsuite hostname="iqiltr368" failures="0" tests="1" name="DDTComponentReference.test" time="1.731" errors="0" timestamp="2022-04-23T06:19:21 IST" skipped="0">
  <testcase classname="DDTComponentReference.test" name="ComponentReference" time="1.731"/>
  <system-out/>
</testsuite> <!-- DDTComponentReference.test -->
