<?xml version="1.0" encoding="UTF-8"?>
<!-- Generated by org.testng.reporters.JUnitReportReporter -->
<testsuite hostname="iqiltr368" failures="0" tests="1" name="ComponentReference.TestComponentReferencePage" time="38.235" errors="0" timestamp="2022-04-23T07:27:46 IST" skipped="0">
  <testcase classname="ComponentReference.TestComponentReferencePage" name="ComponentReference" time="38.235"/>
  <system-out/>
</testsuite> <!-- ComponentReference.TestComponentReferencePage -->
