<?xml version="1.0" encoding="UTF-8"?>
<!-- Generated by org.testng.reporters.JUnitReportReporter -->
<testsuite hostname="iqiltr368" failures="0" tests="1" name="DDTComponentReference.testDTTComponentreference" time="37.946" errors="0" timestamp="2022-04-23T08:00:00 IST" skipped="0">
  <testcase classname="DDTComponentReference.testDTTComponentreference" name="ComponentReference" time="37.946"/>
  <system-out/>
</testsuite> <!-- DDTComponentReference.testDTTComponentreference -->
